<?xml version="1.0" encoding="UTF-8"?>
<!-- Generated by org.testng.reporters.JUnitXMLReporter -->
<testsuite ignored="0" hostname="MSI" failures="0" tests="2" name="insuranceProject Test" time="59.504" errors="0" timestamp="2021-04-27T13:35:02 CDT">
  <testcase classname="com.insuranceProject.testCases.TC_RegisterTest_001" name="RegisterTest" time="27.202"/>
  <testcase classname="com.insuranceProject.testCases.TC_LoginTest_002" name="loginTest" time="9.629"/>
</testsuite> <!-- insuranceProject Test -->
