<?xml version="1.0" encoding="UTF-8"?>
<testng-results ignored="0" total="2" passed="2" failed="0" skipped="0">
  <reporter-output>
  </reporter-output>
  <suite started-at="2021-04-27T13:34:03 CDT" name="insuranceProjectV1" finished-at="2021-04-27T13:35:02 CDT" duration-ms="59504">
    <groups>
    </groups>
    <test started-at="2021-04-27T13:34:03 CDT" name="insuranceProject Test" finished-at="2021-04-27T13:35:02 CDT" duration-ms="59504">
      <class name="com.insuranceProject.testCases.TC_RegisterTest_001">
        <test-method is-config="true" signature="setup(java.lang.String)[pri:0, instance:com.insuranceProject.testCases.TC_RegisterTest_001@2177849e]" started-at="2021-04-27T13:34:03 CDT" name="setup" finished-at="2021-04-27T13:34:10 CDT" duration-ms="6813" status="PASS">
          <params>
            <param index="0">
              <value>
                <![CDATA[chrome]]>
              </value>
            </param>
          </params>
          <reporter-output>
          </reporter-output>
        </test-method> <!-- setup -->
        <test-method signature="RegisterTest()[pri:0, instance:com.insuranceProject.testCases.TC_RegisterTest_001@2177849e]" started-at="2021-04-27T13:34:10 CDT" name="RegisterTest" finished-at="2021-04-27T13:34:37 CDT" duration-ms="27202" status="PASS">
          <reporter-output>
          </reporter-output>
        </test-method> <!-- RegisterTest -->
        <test-method is-config="true" signature="tearDown()[pri:0, instance:com.insuranceProject.testCases.TC_RegisterTest_001@2177849e]" started-at="2021-04-27T13:34:37 CDT" name="tearDown" finished-at="2021-04-27T13:34:42 CDT" duration-ms="4721" status="PASS">
          <reporter-output>
          </reporter-output>
        </test-method> <!-- tearDown -->
      </class> <!-- com.insuranceProject.testCases.TC_RegisterTest_001 -->
      <class name="com.insuranceProject.testCases.TC_LoginTest_002">
        <test-method is-config="true" signature="setup(java.lang.String)[pri:0, instance:com.insuranceProject.testCases.TC_LoginTest_002@40cb8df7]" started-at="2021-04-27T13:34:42 CDT" name="setup" finished-at="2021-04-27T13:34:48 CDT" duration-ms="6213" status="PASS">
          <params>
            <param index="0">
              <value>
                <![CDATA[chrome]]>
              </value>
            </param>
          </params>
          <reporter-output>
          </reporter-output>
        </test-method> <!-- setup -->
        <test-method signature="loginTest()[pri:0, instance:com.insuranceProject.testCases.TC_LoginTest_002@40cb8df7]" started-at="2021-04-27T13:34:48 CDT" name="loginTest" finished-at="2021-04-27T13:34:58 CDT" duration-ms="9629" status="PASS">
          <reporter-output>
          </reporter-output>
        </test-method> <!-- loginTest -->
        <test-method is-config="true" signature="tearDown()[pri:0, instance:com.insuranceProject.testCases.TC_LoginTest_002@40cb8df7]" started-at="2021-04-27T13:34:58 CDT" name="tearDown" finished-at="2021-04-27T13:35:02 CDT" duration-ms="4695" status="PASS">
          <reporter-output>
          </reporter-output>
        </test-method> <!-- tearDown -->
      </class> <!-- com.insuranceProject.testCases.TC_LoginTest_002 -->
    </test> <!-- insuranceProject Test -->
  </suite> <!-- insuranceProjectV1 -->
</testng-results>
